2019-08-14 11:03:43,932 ERROR 5528 [-/::1/-/8ms GET /api] nodejs.Error: Please set config.keys first
    at Application.get keys [as keys] (D:\high-node\exercise\egg处理各种跨域问题\jsonp跨域处理\jsonpDemo\node_modules\egg\lib\application.js:266:15)
    at Object.get cookies [as cookies] (D:\high-node\exercise\egg处理各种跨域问题\jsonp跨域处理\jsonpDemo\node_modules\egg\app\extend\context.js:22:66)
    at Object.get [egg-security#CSRF_SECRET] (D:\high-node\exercise\egg处理各种跨域问题\jsonp跨域处理\jsonpDemo\node_modules\egg-security\app\extend\context.js:87:33)
    at Object.ensureCsrfSecret (D:\high-node\exercise\egg处理各种跨域问题\jsonp跨域处理\jsonpDemo\node_modules\egg-security\app\extend\context.js:98:13)
    at csrf (D:\high-node\exercise\egg处理各种跨域问题\jsonp跨域处理\jsonpDemo\node_modules\egg-security\lib\middlewares\csrf.js:15:11)
    at dispatch (D:\high-node\exercise\egg处理各种跨域问题\jsonp跨域处理\jsonpDemo\node_modules\koa-compose\index.js:42:32)
    at D:\high-node\exercise\egg处理各种跨域问题\jsonp跨域处理\jsonpDemo\node_modules\koa-compose\index.js:34:12
    at dispatch (D:\high-node\exercise\egg处理各种跨域问题\jsonp跨域处理\jsonpDemo\node_modules\koa-compose\index.js:42:32)
    at session (D:\high-node\exercise\egg处理各种跨域问题\jsonp跨域处理\jsonpDemo\node_modules\koa-session\index.js:41:13)
    at dispatch (D:\high-node\exercise\egg处理各种跨域问题\jsonp跨域处理\jsonpDemo\node_modules\koa-compose\index.js:42:32)

pid: 5528
hostname: DESKTOP-0Q5T0JS

2019-08-14 11:04:37,110 ERROR 5528 [-/::1/-/4ms GET /api] nodejs.Error: Please set config.keys first
    at Application.get keys [as keys] (D:\high-node\exercise\egg处理各种跨域问题\jsonp跨域处理\jsonpDemo\node_modules\egg\lib\application.js:266:15)
    at Object.get cookies [as cookies] (D:\high-node\exercise\egg处理各种跨域问题\jsonp跨域处理\jsonpDemo\node_modules\egg\app\extend\context.js:22:66)
    at Object.get [egg-security#CSRF_SECRET] (D:\high-node\exercise\egg处理各种跨域问题\jsonp跨域处理\jsonpDemo\node_modules\egg-security\app\extend\context.js:87:33)
    at Object.ensureCsrfSecret (D:\high-node\exercise\egg处理各种跨域问题\jsonp跨域处理\jsonpDemo\node_modules\egg-security\app\extend\context.js:98:13)
    at csrf (D:\high-node\exercise\egg处理各种跨域问题\jsonp跨域处理\jsonpDemo\node_modules\egg-security\lib\middlewares\csrf.js:15:11)
    at dispatch (D:\high-node\exercise\egg处理各种跨域问题\jsonp跨域处理\jsonpDemo\node_modules\koa-compose\index.js:42:32)
    at D:\high-node\exercise\egg处理各种跨域问题\jsonp跨域处理\jsonpDemo\node_modules\koa-compose\index.js:34:12
    at dispatch (D:\high-node\exercise\egg处理各种跨域问题\jsonp跨域处理\jsonpDemo\node_modules\koa-compose\index.js:42:32)
    at session (D:\high-node\exercise\egg处理各种跨域问题\jsonp跨域处理\jsonpDemo\node_modules\koa-session\index.js:41:13)
    at dispatch (D:\high-node\exercise\egg处理各种跨域问题\jsonp跨域处理\jsonpDemo\node_modules\koa-compose\index.js:42:32)

pid: 5528
hostname: DESKTOP-0Q5T0JS

2019-08-14 11:04:37,787 ERROR 5528 [-/::1/-/5ms GET /api] nodejs.Error: Please set config.keys first
    at Application.get keys [as keys] (D:\high-node\exercise\egg处理各种跨域问题\jsonp跨域处理\jsonpDemo\node_modules\egg\lib\application.js:266:15)
    at Object.get cookies [as cookies] (D:\high-node\exercise\egg处理各种跨域问题\jsonp跨域处理\jsonpDemo\node_modules\egg\app\extend\context.js:22:66)
    at Object.get [egg-security#CSRF_SECRET] (D:\high-node\exercise\egg处理各种跨域问题\jsonp跨域处理\jsonpDemo\node_modules\egg-security\app\extend\context.js:87:33)
    at Object.ensureCsrfSecret (D:\high-node\exercise\egg处理各种跨域问题\jsonp跨域处理\jsonpDemo\node_modules\egg-security\app\extend\context.js:98:13)
    at csrf (D:\high-node\exercise\egg处理各种跨域问题\jsonp跨域处理\jsonpDemo\node_modules\egg-security\lib\middlewares\csrf.js:15:11)
    at dispatch (D:\high-node\exercise\egg处理各种跨域问题\jsonp跨域处理\jsonpDemo\node_modules\koa-compose\index.js:42:32)
    at D:\high-node\exercise\egg处理各种跨域问题\jsonp跨域处理\jsonpDemo\node_modules\koa-compose\index.js:34:12
    at dispatch (D:\high-node\exercise\egg处理各种跨域问题\jsonp跨域处理\jsonpDemo\node_modules\koa-compose\index.js:42:32)
    at session (D:\high-node\exercise\egg处理各种跨域问题\jsonp跨域处理\jsonpDemo\node_modules\koa-session\index.js:41:13)
    at dispatch (D:\high-node\exercise\egg处理各种跨域问题\jsonp跨域处理\jsonpDemo\node_modules\koa-compose\index.js:42:32)

pid: 5528
hostname: DESKTOP-0Q5T0JS

2019-08-14 11:05:01,438 ERROR 5528 [-/::1/-/3ms GET /api] nodejs.Error: Please set config.keys first
    at Application.get keys [as keys] (D:\high-node\exercise\egg处理各种跨域问题\jsonp跨域处理\jsonpDemo\node_modules\egg\lib\application.js:266:15)
    at Object.get cookies [as cookies] (D:\high-node\exercise\egg处理各种跨域问题\jsonp跨域处理\jsonpDemo\node_modules\egg\app\extend\context.js:22:66)
    at Object.get [egg-security#CSRF_SECRET] (D:\high-node\exercise\egg处理各种跨域问题\jsonp跨域处理\jsonpDemo\node_modules\egg-security\app\extend\context.js:87:33)
    at Object.ensureCsrfSecret (D:\high-node\exercise\egg处理各种跨域问题\jsonp跨域处理\jsonpDemo\node_modules\egg-security\app\extend\context.js:98:13)
    at csrf (D:\high-node\exercise\egg处理各种跨域问题\jsonp跨域处理\jsonpDemo\node_modules\egg-security\lib\middlewares\csrf.js:15:11)
    at dispatch (D:\high-node\exercise\egg处理各种跨域问题\jsonp跨域处理\jsonpDemo\node_modules\koa-compose\index.js:42:32)
    at D:\high-node\exercise\egg处理各种跨域问题\jsonp跨域处理\jsonpDemo\node_modules\koa-compose\index.js:34:12
    at dispatch (D:\high-node\exercise\egg处理各种跨域问题\jsonp跨域处理\jsonpDemo\node_modules\koa-compose\index.js:42:32)
    at session (D:\high-node\exercise\egg处理各种跨域问题\jsonp跨域处理\jsonpDemo\node_modules\koa-session\index.js:41:13)
    at dispatch (D:\high-node\exercise\egg处理各种跨域问题\jsonp跨域处理\jsonpDemo\node_modules\koa-compose\index.js:42:32)

pid: 5528
hostname: DESKTOP-0Q5T0JS

2019-08-14 11:05:07,452 ERROR 5528 [-/::1/-/2ms GET /api] nodejs.Error: Please set config.keys first
    at Application.get keys [as keys] (D:\high-node\exercise\egg处理各种跨域问题\jsonp跨域处理\jsonpDemo\node_modules\egg\lib\application.js:266:15)
    at Object.get cookies [as cookies] (D:\high-node\exercise\egg处理各种跨域问题\jsonp跨域处理\jsonpDemo\node_modules\egg\app\extend\context.js:22:66)
    at Object.get [egg-security#CSRF_SECRET] (D:\high-node\exercise\egg处理各种跨域问题\jsonp跨域处理\jsonpDemo\node_modules\egg-security\app\extend\context.js:87:33)
    at Object.ensureCsrfSecret (D:\high-node\exercise\egg处理各种跨域问题\jsonp跨域处理\jsonpDemo\node_modules\egg-security\app\extend\context.js:98:13)
    at csrf (D:\high-node\exercise\egg处理各种跨域问题\jsonp跨域处理\jsonpDemo\node_modules\egg-security\lib\middlewares\csrf.js:15:11)
    at dispatch (D:\high-node\exercise\egg处理各种跨域问题\jsonp跨域处理\jsonpDemo\node_modules\koa-compose\index.js:42:32)
    at D:\high-node\exercise\egg处理各种跨域问题\jsonp跨域处理\jsonpDemo\node_modules\koa-compose\index.js:34:12
    at dispatch (D:\high-node\exercise\egg处理各种跨域问题\jsonp跨域处理\jsonpDemo\node_modules\koa-compose\index.js:42:32)
    at session (D:\high-node\exercise\egg处理各种跨域问题\jsonp跨域处理\jsonpDemo\node_modules\koa-session\index.js:41:13)
    at dispatch (D:\high-node\exercise\egg处理各种跨域问题\jsonp跨域处理\jsonpDemo\node_modules\koa-compose\index.js:42:32)

pid: 5528
hostname: DESKTOP-0Q5T0JS

2019-08-14 11:05:25,643 ERROR 5528 [-/::1/-/1ms GET /api] nodejs.Error: Please set config.keys first
    at Application.get keys [as keys] (D:\high-node\exercise\egg处理各种跨域问题\jsonp跨域处理\jsonpDemo\node_modules\egg\lib\application.js:266:15)
    at Object.get cookies [as cookies] (D:\high-node\exercise\egg处理各种跨域问题\jsonp跨域处理\jsonpDemo\node_modules\egg\app\extend\context.js:22:66)
    at Object.get [egg-security#CSRF_SECRET] (D:\high-node\exercise\egg处理各种跨域问题\jsonp跨域处理\jsonpDemo\node_modules\egg-security\app\extend\context.js:87:33)
    at Object.ensureCsrfSecret (D:\high-node\exercise\egg处理各种跨域问题\jsonp跨域处理\jsonpDemo\node_modules\egg-security\app\extend\context.js:98:13)
    at csrf (D:\high-node\exercise\egg处理各种跨域问题\jsonp跨域处理\jsonpDemo\node_modules\egg-security\lib\middlewares\csrf.js:15:11)
    at dispatch (D:\high-node\exercise\egg处理各种跨域问题\jsonp跨域处理\jsonpDemo\node_modules\koa-compose\index.js:42:32)
    at D:\high-node\exercise\egg处理各种跨域问题\jsonp跨域处理\jsonpDemo\node_modules\koa-compose\index.js:34:12
    at dispatch (D:\high-node\exercise\egg处理各种跨域问题\jsonp跨域处理\jsonpDemo\node_modules\koa-compose\index.js:42:32)
    at session (D:\high-node\exercise\egg处理各种跨域问题\jsonp跨域处理\jsonpDemo\node_modules\koa-session\index.js:41:13)
    at dispatch (D:\high-node\exercise\egg处理各种跨域问题\jsonp跨域处理\jsonpDemo\node_modules\koa-compose\index.js:42:32)

pid: 5528
hostname: DESKTOP-0Q5T0JS

2019-08-14 11:05:32,387 ERROR 5528 [-/::1/-/4ms GET /api] nodejs.Error: Please set config.keys first
    at Application.get keys [as keys] (D:\high-node\exercise\egg处理各种跨域问题\jsonp跨域处理\jsonpDemo\node_modules\egg\lib\application.js:266:15)
    at Object.get cookies [as cookies] (D:\high-node\exercise\egg处理各种跨域问题\jsonp跨域处理\jsonpDemo\node_modules\egg\app\extend\context.js:22:66)
    at Object.get [egg-security#CSRF_SECRET] (D:\high-node\exercise\egg处理各种跨域问题\jsonp跨域处理\jsonpDemo\node_modules\egg-security\app\extend\context.js:87:33)
    at Object.ensureCsrfSecret (D:\high-node\exercise\egg处理各种跨域问题\jsonp跨域处理\jsonpDemo\node_modules\egg-security\app\extend\context.js:98:13)
    at csrf (D:\high-node\exercise\egg处理各种跨域问题\jsonp跨域处理\jsonpDemo\node_modules\egg-security\lib\middlewares\csrf.js:15:11)
    at dispatch (D:\high-node\exercise\egg处理各种跨域问题\jsonp跨域处理\jsonpDemo\node_modules\koa-compose\index.js:42:32)
    at D:\high-node\exercise\egg处理各种跨域问题\jsonp跨域处理\jsonpDemo\node_modules\koa-compose\index.js:34:12
    at dispatch (D:\high-node\exercise\egg处理各种跨域问题\jsonp跨域处理\jsonpDemo\node_modules\koa-compose\index.js:42:32)
    at session (D:\high-node\exercise\egg处理各种跨域问题\jsonp跨域处理\jsonpDemo\node_modules\koa-session\index.js:41:13)
    at dispatch (D:\high-node\exercise\egg处理各种跨域问题\jsonp跨域处理\jsonpDemo\node_modules\koa-compose\index.js:42:32)

pid: 5528
hostname: DESKTOP-0Q5T0JS

