2019-08-14 11:00:40,091 INFO 5528 [egg:logger] init all loggers with options: {"dir":"D:\\high-node\\exercise\\egg处理各种跨域问题\\jsonp跨域处理\\jsonpDemo\\logs\\jsonpdemo","encoding":"utf8","env":"local","level":"INFO","consoleLevel":"INFO","disableConsoleAfterReady":false,"outputJSON":false,"buffer":true,"appLogName":"jsonpdemo-web.log","coreLogName":"egg-web.log","agentLogName":"egg-agent.log","errorLogName":"common-error.log","coreLogger":{"consoleLevel":"WARN"},"allowDebugAtProd":false,"type":"application"}
2019-08-14 11:00:40,120 INFO 5528 [egg-multipart] stream mode enable
2019-08-14 11:00:40,198 INFO 5528 [egg-static] starting static serve /public/ -> D:\high-node\exercise\egg处理各种跨域问题\jsonp跨域处理\jsonpDemo\app\public
2019-08-14 11:00:40,201 INFO 5528 [egg-security] use csrf middleware
2019-08-14 11:00:40,202 INFO 5528 [egg-security] use methodnoallow middleware
2019-08-14 11:00:40,203 INFO 5528 [egg-security] use noopen middleware
2019-08-14 11:00:40,204 INFO 5528 [egg-security] use nosniff middleware
2019-08-14 11:00:40,204 INFO 5528 [egg-security] use xssProtection middleware
2019-08-14 11:00:40,205 INFO 5528 [egg-security] use xframe middleware
2019-08-14 11:00:40,205 INFO 5528 [egg-security] use dta middleware
2019-08-14 11:00:40,205 INFO 5528 [egg-security] compose 7 middlewares into one security middleware
2019-08-14 11:00:40,213 INFO 5528 [egg:core] dump config after load, 7ms
2019-08-14 11:00:40,224 INFO 5528 [egg-watcher:application] watcher start success
2019-08-14 11:00:40,230 INFO 5528 [egg:core] dump config after ready, 4ms
2019-08-14 11:06:49,340 INFO 24540 [egg:logger] init all loggers with options: {"dir":"D:\\high-node\\exercise\\egg处理各种跨域问题\\jsonp跨域处理\\jsonpDemo\\logs\\jsonpdemo","encoding":"utf8","env":"local","level":"INFO","consoleLevel":"INFO","disableConsoleAfterReady":false,"outputJSON":false,"buffer":true,"appLogName":"jsonpdemo-web.log","coreLogName":"egg-web.log","agentLogName":"egg-agent.log","errorLogName":"common-error.log","coreLogger":{"consoleLevel":"WARN"},"allowDebugAtProd":false,"type":"application"}
2019-08-14 11:06:49,369 INFO 24540 [egg-multipart] stream mode enable
2019-08-14 11:06:49,434 INFO 24540 [egg-static] starting static serve /public/ -> D:\high-node\exercise\egg处理各种跨域问题\jsonp跨域处理\jsonpDemo\app\public
2019-08-14 11:06:49,437 INFO 24540 [egg-security] use csrf middleware
2019-08-14 11:06:49,438 INFO 24540 [egg-security] use methodnoallow middleware
2019-08-14 11:06:49,439 INFO 24540 [egg-security] use noopen middleware
2019-08-14 11:06:49,440 INFO 24540 [egg-security] use nosniff middleware
2019-08-14 11:06:49,440 INFO 24540 [egg-security] use xssProtection middleware
2019-08-14 11:06:49,441 INFO 24540 [egg-security] use xframe middleware
2019-08-14 11:06:49,441 INFO 24540 [egg-security] use dta middleware
2019-08-14 11:06:49,441 INFO 24540 [egg-security] compose 7 middlewares into one security middleware
2019-08-14 11:06:49,451 INFO 24540 [egg:core] dump config after load, 6ms
2019-08-14 11:06:49,464 INFO 24540 [egg-watcher:application] watcher start success
2019-08-14 11:06:49,471 INFO 24540 [egg:core] dump config after ready, 6ms
2019-08-14 11:10:41,036 INFO 6952 [egg:logger] init all loggers with options: {"dir":"D:\\high-node\\exercise\\egg处理各种跨域问题\\jsonp跨域处理\\jsonpDemo\\logs\\jsonpdemo","encoding":"utf8","env":"local","level":"INFO","consoleLevel":"INFO","disableConsoleAfterReady":false,"outputJSON":false,"buffer":true,"appLogName":"jsonpdemo-web.log","coreLogName":"egg-web.log","agentLogName":"egg-agent.log","errorLogName":"common-error.log","coreLogger":{"consoleLevel":"WARN"},"allowDebugAtProd":false,"type":"application"}
2019-08-14 11:10:41,066 INFO 6952 [egg-multipart] stream mode enable
2019-08-14 11:10:41,135 INFO 6952 [egg-static] starting static serve /public/ -> D:\high-node\exercise\egg处理各种跨域问题\jsonp跨域处理\jsonpDemo\app\public
2019-08-14 11:10:41,137 INFO 6952 [egg-security] use csrf middleware
2019-08-14 11:10:41,139 INFO 6952 [egg-security] use methodnoallow middleware
2019-08-14 11:10:41,139 INFO 6952 [egg-security] use noopen middleware
2019-08-14 11:10:41,140 INFO 6952 [egg-security] use nosniff middleware
2019-08-14 11:10:41,141 INFO 6952 [egg-security] use xssProtection middleware
2019-08-14 11:10:41,141 INFO 6952 [egg-security] use xframe middleware
2019-08-14 11:10:41,142 INFO 6952 [egg-security] use dta middleware
2019-08-14 11:10:41,142 INFO 6952 [egg-security] compose 7 middlewares into one security middleware
2019-08-14 11:10:41,152 INFO 6952 [egg:core] dump config after load, 6ms
2019-08-14 11:10:41,161 INFO 6952 [egg-watcher:application] watcher start success
2019-08-14 11:10:41,169 INFO 6952 [egg:core] dump config after ready, 6ms
2019-08-14 11:17:48,597 INFO 24184 [egg:logger] init all loggers with options: {"dir":"D:\\high-node\\exercise\\egg处理各种跨域问题\\jsonp跨域处理\\jsonpServince\\logs\\jsonpdemo","encoding":"utf8","env":"local","level":"INFO","consoleLevel":"INFO","disableConsoleAfterReady":false,"outputJSON":false,"buffer":true,"appLogName":"jsonpdemo-web.log","coreLogName":"egg-web.log","agentLogName":"egg-agent.log","errorLogName":"common-error.log","coreLogger":{"consoleLevel":"WARN"},"allowDebugAtProd":false,"type":"application"}
2019-08-14 11:17:48,629 INFO 24184 [egg-multipart] stream mode enable
2019-08-14 11:17:48,701 INFO 24184 [egg-static] starting static serve /public/ -> D:\high-node\exercise\egg处理各种跨域问题\jsonp跨域处理\jsonpServince\app\public
2019-08-14 11:17:48,704 INFO 24184 [egg-security] use csrf middleware
2019-08-14 11:17:48,706 INFO 24184 [egg-security] use methodnoallow middleware
2019-08-14 11:17:48,707 INFO 24184 [egg-security] use noopen middleware
2019-08-14 11:17:48,708 INFO 24184 [egg-security] use nosniff middleware
2019-08-14 11:17:48,708 INFO 24184 [egg-security] use xssProtection middleware
2019-08-14 11:17:48,709 INFO 24184 [egg-security] use xframe middleware
2019-08-14 11:17:48,710 INFO 24184 [egg-security] use dta middleware
2019-08-14 11:17:48,710 INFO 24184 [egg-security] compose 7 middlewares into one security middleware
2019-08-14 11:17:48,719 INFO 24184 [egg:core] dump config after load, 6ms
2019-08-14 11:17:48,733 INFO 24184 [egg-watcher:application] watcher start success
2019-08-14 11:17:48,740 INFO 24184 [egg:core] dump config after ready, 5ms
2019-08-14 11:25:55,234 INFO 20408 [egg:logger] init all loggers with options: {"dir":"D:\\high-node\\exercise\\egg处理各种跨域问题\\jsonp跨域处理\\jsonpServince\\logs\\jsonpdemo","encoding":"utf8","env":"local","level":"INFO","consoleLevel":"INFO","disableConsoleAfterReady":false,"outputJSON":false,"buffer":true,"appLogName":"jsonpdemo-web.log","coreLogName":"egg-web.log","agentLogName":"egg-agent.log","errorLogName":"common-error.log","coreLogger":{"consoleLevel":"WARN"},"allowDebugAtProd":false,"type":"application"}
2019-08-14 11:25:55,278 INFO 20408 [egg-multipart] stream mode enable
2019-08-14 11:25:55,369 INFO 20408 [egg-static] starting static serve /public/ -> D:\high-node\exercise\egg处理各种跨域问题\jsonp跨域处理\jsonpServince\app\public
2019-08-14 11:25:55,373 INFO 20408 [egg-security] use csrf middleware
2019-08-14 11:25:55,375 INFO 20408 [egg-security] use methodnoallow middleware
2019-08-14 11:25:55,376 INFO 20408 [egg-security] use noopen middleware
2019-08-14 11:25:55,377 INFO 20408 [egg-security] use nosniff middleware
2019-08-14 11:25:55,378 INFO 20408 [egg-security] use xssProtection middleware
2019-08-14 11:25:55,379 INFO 20408 [egg-security] use xframe middleware
2019-08-14 11:25:55,380 INFO 20408 [egg-security] use dta middleware
2019-08-14 11:25:55,380 INFO 20408 [egg-security] compose 7 middlewares into one security middleware
2019-08-14 11:25:55,383 WARN 20408 [egg-jsonp] SECURITY WARNING!! csrf check and referrer check are both closed!
2019-08-14 11:25:55,397 INFO 20408 [egg:core] dump config after load, 9ms
2019-08-14 11:25:55,415 INFO 20408 [egg-watcher:application] watcher start success
2019-08-14 11:25:55,425 INFO 20408 [egg:core] dump config after ready, 8ms
2019-08-14 11:47:37,839 INFO 1120 [egg:logger] init all loggers with options: {"dir":"D:\\high-node\\exercise\\egg处理各种跨域问题\\jsonp跨域处理\\jsonpServince\\logs\\jsonpdemo","encoding":"utf8","env":"local","level":"INFO","consoleLevel":"INFO","disableConsoleAfterReady":false,"outputJSON":false,"buffer":true,"appLogName":"jsonpdemo-web.log","coreLogName":"egg-web.log","agentLogName":"egg-agent.log","errorLogName":"common-error.log","coreLogger":{"consoleLevel":"WARN"},"allowDebugAtProd":false,"type":"application"}
2019-08-14 11:47:37,873 INFO 1120 [egg-multipart] stream mode enable
2019-08-14 11:47:37,960 INFO 1120 [egg-static] starting static serve /public/ -> D:\high-node\exercise\egg处理各种跨域问题\jsonp跨域处理\jsonpServince\app\public
2019-08-14 11:47:37,963 INFO 1120 [egg-security] use csrf middleware
2019-08-14 11:47:37,965 INFO 1120 [egg-security] use methodnoallow middleware
2019-08-14 11:47:37,966 INFO 1120 [egg-security] use noopen middleware
2019-08-14 11:47:37,968 INFO 1120 [egg-security] use nosniff middleware
2019-08-14 11:47:37,969 INFO 1120 [egg-security] use xssProtection middleware
2019-08-14 11:47:37,970 INFO 1120 [egg-security] use xframe middleware
2019-08-14 11:47:37,971 INFO 1120 [egg-security] use dta middleware
2019-08-14 11:47:37,972 INFO 1120 [egg-security] compose 7 middlewares into one security middleware
2019-08-14 11:47:37,976 WARN 1120 [egg-jsonp] SECURITY WARNING!! csrf check and referrer check are both closed!
2019-08-14 11:47:37,986 INFO 1120 [egg:core] dump config after load, 7ms
2019-08-14 11:47:37,997 INFO 1120 [egg-watcher:application] watcher start success
2019-08-14 11:47:38,004 INFO 1120 [egg:core] dump config after ready, 5ms
2019-08-14 11:49:03,367 INFO 25104 [egg:logger] init all loggers with options: {"dir":"D:\\high-node\\exercise\\egg处理各种跨域问题\\jsonp跨域处理\\jsonpServince\\logs\\jsonpdemo","encoding":"utf8","env":"local","level":"INFO","consoleLevel":"INFO","disableConsoleAfterReady":false,"outputJSON":false,"buffer":true,"appLogName":"jsonpdemo-web.log","coreLogName":"egg-web.log","agentLogName":"egg-agent.log","errorLogName":"common-error.log","coreLogger":{"consoleLevel":"WARN"},"allowDebugAtProd":false,"type":"application"}
2019-08-14 11:49:03,398 INFO 25104 [egg-multipart] stream mode enable
2019-08-14 11:49:03,466 INFO 25104 [egg-static] starting static serve /public/ -> D:\high-node\exercise\egg处理各种跨域问题\jsonp跨域处理\jsonpServince\app\public
2019-08-14 11:49:03,469 INFO 25104 [egg-security] use csrf middleware
2019-08-14 11:49:03,471 INFO 25104 [egg-security] use methodnoallow middleware
2019-08-14 11:49:03,472 INFO 25104 [egg-security] use noopen middleware
2019-08-14 11:49:03,473 INFO 25104 [egg-security] use nosniff middleware
2019-08-14 11:49:03,474 INFO 25104 [egg-security] use xssProtection middleware
2019-08-14 11:49:03,475 INFO 25104 [egg-security] use xframe middleware
2019-08-14 11:49:03,476 INFO 25104 [egg-security] use dta middleware
2019-08-14 11:49:03,476 INFO 25104 [egg-security] compose 7 middlewares into one security middleware
2019-08-14 11:49:03,482 WARN 25104 [egg-jsonp] SECURITY WARNING!! csrf check and referrer check are both closed!
2019-08-14 11:49:03,496 INFO 25104 [egg:core] dump config after load, 9ms
2019-08-14 11:49:03,513 INFO 25104 [egg-watcher:application] watcher start success
2019-08-14 11:49:03,523 INFO 25104 [egg:core] dump config after ready, 8ms
2019-08-14 11:50:05,732 INFO 23428 [egg:logger] init all loggers with options: {"dir":"D:\\high-node\\exercise\\egg处理各种跨域问题\\jsonp跨域处理\\jsonpServince\\logs\\jsonpdemo","encoding":"utf8","env":"local","level":"INFO","consoleLevel":"INFO","disableConsoleAfterReady":false,"outputJSON":false,"buffer":true,"appLogName":"jsonpdemo-web.log","coreLogName":"egg-web.log","agentLogName":"egg-agent.log","errorLogName":"common-error.log","coreLogger":{"consoleLevel":"WARN"},"allowDebugAtProd":false,"type":"application"}
2019-08-14 11:50:05,763 INFO 23428 [egg-multipart] stream mode enable
2019-08-14 11:50:05,833 INFO 23428 [egg-static] starting static serve /public/ -> D:\high-node\exercise\egg处理各种跨域问题\jsonp跨域处理\jsonpServince\app\public
2019-08-14 11:50:05,836 INFO 23428 [egg-security] use csrf middleware
2019-08-14 11:50:05,837 INFO 23428 [egg-security] use methodnoallow middleware
2019-08-14 11:50:05,837 INFO 23428 [egg-security] use noopen middleware
2019-08-14 11:50:05,839 INFO 23428 [egg-security] use nosniff middleware
2019-08-14 11:50:05,839 INFO 23428 [egg-security] use xssProtection middleware
2019-08-14 11:50:05,840 INFO 23428 [egg-security] use xframe middleware
2019-08-14 11:50:05,841 INFO 23428 [egg-security] use dta middleware
2019-08-14 11:50:05,841 INFO 23428 [egg-security] compose 7 middlewares into one security middleware
2019-08-14 11:50:05,845 WARN 23428 [egg-jsonp] SECURITY WARNING!! csrf check and referrer check are both closed!
2019-08-14 11:50:05,855 INFO 23428 [egg:core] dump config after load, 6ms
2019-08-14 11:50:05,870 INFO 23428 [egg-watcher:application] watcher start success
2019-08-14 11:50:05,883 INFO 23428 [egg:core] dump config after ready, 9ms
2019-08-14 11:50:10,062 INFO 15784 [egg:logger] init all loggers with options: {"dir":"D:\\high-node\\exercise\\egg处理各种跨域问题\\jsonp跨域处理\\jsonpServince\\logs\\jsonpdemo","encoding":"utf8","env":"local","level":"INFO","consoleLevel":"INFO","disableConsoleAfterReady":false,"outputJSON":false,"buffer":true,"appLogName":"jsonpdemo-web.log","coreLogName":"egg-web.log","agentLogName":"egg-agent.log","errorLogName":"common-error.log","coreLogger":{"consoleLevel":"WARN"},"allowDebugAtProd":false,"type":"application"}
2019-08-14 11:50:10,092 INFO 15784 [egg-multipart] stream mode enable
2019-08-14 11:50:10,163 INFO 15784 [egg-static] starting static serve /public/ -> D:\high-node\exercise\egg处理各种跨域问题\jsonp跨域处理\jsonpServince\app\public
2019-08-14 11:50:10,165 INFO 15784 [egg-security] use csrf middleware
2019-08-14 11:50:10,166 INFO 15784 [egg-security] use methodnoallow middleware
2019-08-14 11:50:10,167 INFO 15784 [egg-security] use noopen middleware
2019-08-14 11:50:10,168 INFO 15784 [egg-security] use nosniff middleware
2019-08-14 11:50:10,169 INFO 15784 [egg-security] use xssProtection middleware
2019-08-14 11:50:10,169 INFO 15784 [egg-security] use xframe middleware
2019-08-14 11:50:10,170 INFO 15784 [egg-security] use dta middleware
2019-08-14 11:50:10,170 INFO 15784 [egg-security] compose 7 middlewares into one security middleware
2019-08-14 11:50:10,173 WARN 15784 [egg-jsonp] SECURITY WARNING!! csrf check and referrer check are both closed!
2019-08-14 11:50:10,185 INFO 15784 [egg:core] dump config after load, 8ms
2019-08-14 11:50:10,200 INFO 15784 [egg-watcher:application] watcher start success
2019-08-14 11:50:10,215 INFO 15784 [egg:core] dump config after ready, 12ms
2019-08-14 11:53:34,091 INFO 4344 [egg:logger] init all loggers with options: {"dir":"D:\\high-node\\exercise\\egg处理各种跨域问题\\jsonp跨域处理\\jsonpServince\\logs\\jsonpdemo","encoding":"utf8","env":"local","level":"INFO","consoleLevel":"INFO","disableConsoleAfterReady":false,"outputJSON":false,"buffer":true,"appLogName":"jsonpdemo-web.log","coreLogName":"egg-web.log","agentLogName":"egg-agent.log","errorLogName":"common-error.log","coreLogger":{"consoleLevel":"WARN"},"allowDebugAtProd":false,"type":"application"}
2019-08-14 11:53:34,123 INFO 4344 [egg-multipart] stream mode enable
2019-08-14 11:53:34,192 INFO 4344 [egg-static] starting static serve /public/ -> D:\high-node\exercise\egg处理各种跨域问题\jsonp跨域处理\jsonpServince\app\public
2019-08-14 11:53:34,194 INFO 4344 [egg-security] use csrf middleware
2019-08-14 11:53:34,195 INFO 4344 [egg-security] use methodnoallow middleware
2019-08-14 11:53:34,196 INFO 4344 [egg-security] use noopen middleware
2019-08-14 11:53:34,197 INFO 4344 [egg-security] use nosniff middleware
2019-08-14 11:53:34,198 INFO 4344 [egg-security] use xssProtection middleware
2019-08-14 11:53:34,198 INFO 4344 [egg-security] use xframe middleware
2019-08-14 11:53:34,199 INFO 4344 [egg-security] use dta middleware
2019-08-14 11:53:34,199 INFO 4344 [egg-security] compose 7 middlewares into one security middleware
2019-08-14 11:53:34,216 INFO 4344 [egg:core] dump config after load, 11ms
2019-08-14 11:53:34,246 INFO 4344 [egg-watcher:application] watcher start success
2019-08-14 11:53:34,275 INFO 4344 [egg:core] dump config after ready, 26ms
2019-08-14 11:53:47,507 INFO 10336 [egg:logger] init all loggers with options: {"dir":"D:\\high-node\\exercise\\egg处理各种跨域问题\\jsonp跨域处理\\jsonpServince\\logs\\jsonpdemo","encoding":"utf8","env":"local","level":"INFO","consoleLevel":"INFO","disableConsoleAfterReady":false,"outputJSON":false,"buffer":true,"appLogName":"jsonpdemo-web.log","coreLogName":"egg-web.log","agentLogName":"egg-agent.log","errorLogName":"common-error.log","coreLogger":{"consoleLevel":"WARN"},"allowDebugAtProd":false,"type":"application"}
2019-08-14 11:53:47,536 INFO 10336 [egg-multipart] stream mode enable
2019-08-14 11:53:47,608 INFO 10336 [egg-static] starting static serve /public/ -> D:\high-node\exercise\egg处理各种跨域问题\jsonp跨域处理\jsonpServince\app\public
2019-08-14 11:53:47,611 INFO 10336 [egg-security] use csrf middleware
2019-08-14 11:53:47,612 INFO 10336 [egg-security] use methodnoallow middleware
2019-08-14 11:53:47,613 INFO 10336 [egg-security] use noopen middleware
2019-08-14 11:53:47,614 INFO 10336 [egg-security] use nosniff middleware
2019-08-14 11:53:47,614 INFO 10336 [egg-security] use xssProtection middleware
2019-08-14 11:53:47,615 INFO 10336 [egg-security] use xframe middleware
2019-08-14 11:53:47,616 INFO 10336 [egg-security] use dta middleware
2019-08-14 11:53:47,617 INFO 10336 [egg-security] compose 7 middlewares into one security middleware
2019-08-14 11:53:47,626 INFO 10336 [egg:core] dump config after load, 5ms
2019-08-14 11:53:47,642 INFO 10336 [egg-watcher:application] watcher start success
2019-08-14 11:53:47,650 INFO 10336 [egg:core] dump config after ready, 6ms
2019-08-14 11:54:09,888 INFO 23896 [egg:logger] init all loggers with options: {"dir":"D:\\high-node\\exercise\\egg处理各种跨域问题\\jsonp跨域处理\\jsonpServince\\logs\\jsonpdemo","encoding":"utf8","env":"local","level":"INFO","consoleLevel":"INFO","disableConsoleAfterReady":false,"outputJSON":false,"buffer":true,"appLogName":"jsonpdemo-web.log","coreLogName":"egg-web.log","agentLogName":"egg-agent.log","errorLogName":"common-error.log","coreLogger":{"consoleLevel":"WARN"},"allowDebugAtProd":false,"type":"application"}
2019-08-14 11:54:09,945 INFO 23896 [egg-multipart] stream mode enable
2019-08-14 11:54:10,067 INFO 23896 [egg-static] starting static serve /public/ -> D:\high-node\exercise\egg处理各种跨域问题\jsonp跨域处理\jsonpServince\app\public
2019-08-14 11:54:10,070 INFO 23896 [egg-security] use csrf middleware
2019-08-14 11:54:10,071 INFO 23896 [egg-security] use methodnoallow middleware
2019-08-14 11:54:10,071 INFO 23896 [egg-security] use noopen middleware
2019-08-14 11:54:10,072 INFO 23896 [egg-security] use nosniff middleware
2019-08-14 11:54:10,073 INFO 23896 [egg-security] use xssProtection middleware
2019-08-14 11:54:10,074 INFO 23896 [egg-security] use xframe middleware
2019-08-14 11:54:10,076 INFO 23896 [egg-security] use dta middleware
2019-08-14 11:54:10,076 INFO 23896 [egg-security] compose 7 middlewares into one security middleware
2019-08-14 11:54:10,086 INFO 23896 [egg:core] dump config after load, 5ms
2019-08-14 11:54:10,097 INFO 23896 [egg-watcher:application] watcher start success
2019-08-14 11:54:10,104 INFO 23896 [egg:core] dump config after ready, 5ms
2019-08-14 11:54:20,972 INFO 8372 [egg:logger] init all loggers with options: {"dir":"D:\\high-node\\exercise\\egg处理各种跨域问题\\jsonp跨域处理\\jsonpServince\\logs\\jsonpdemo","encoding":"utf8","env":"local","level":"INFO","consoleLevel":"INFO","disableConsoleAfterReady":false,"outputJSON":false,"buffer":true,"appLogName":"jsonpdemo-web.log","coreLogName":"egg-web.log","agentLogName":"egg-agent.log","errorLogName":"common-error.log","coreLogger":{"consoleLevel":"WARN"},"allowDebugAtProd":false,"type":"application"}
2019-08-14 11:54:21,004 INFO 8372 [egg-multipart] stream mode enable
2019-08-14 11:54:21,074 INFO 8372 [egg-static] starting static serve /public/ -> D:\high-node\exercise\egg处理各种跨域问题\jsonp跨域处理\jsonpServince\app\public
2019-08-14 11:54:21,077 INFO 8372 [egg-security] use csrf middleware
2019-08-14 11:54:21,078 INFO 8372 [egg-security] use methodnoallow middleware
2019-08-14 11:54:21,079 INFO 8372 [egg-security] use noopen middleware
2019-08-14 11:54:21,080 INFO 8372 [egg-security] use nosniff middleware
2019-08-14 11:54:21,080 INFO 8372 [egg-security] use xssProtection middleware
2019-08-14 11:54:21,081 INFO 8372 [egg-security] use xframe middleware
2019-08-14 11:54:21,082 INFO 8372 [egg-security] use dta middleware
2019-08-14 11:54:21,082 INFO 8372 [egg-security] compose 7 middlewares into one security middleware
2019-08-14 11:54:21,092 INFO 8372 [egg:core] dump config after load, 6ms
2019-08-14 11:54:21,109 INFO 8372 [egg-watcher:application] watcher start success
2019-08-14 11:54:21,116 INFO 8372 [egg:core] dump config after ready, 6ms
2019-08-14 11:55:04,022 INFO 19280 [egg:logger] init all loggers with options: {"dir":"D:\\high-node\\exercise\\egg处理各种跨域问题\\jsonp跨域处理\\jsonpServince\\logs\\jsonpdemo","encoding":"utf8","env":"local","level":"INFO","consoleLevel":"INFO","disableConsoleAfterReady":false,"outputJSON":false,"buffer":true,"appLogName":"jsonpdemo-web.log","coreLogName":"egg-web.log","agentLogName":"egg-agent.log","errorLogName":"common-error.log","coreLogger":{"consoleLevel":"WARN"},"allowDebugAtProd":false,"type":"application"}
2019-08-14 11:55:04,052 INFO 19280 [egg-multipart] stream mode enable
2019-08-14 11:55:04,121 INFO 19280 [egg-static] starting static serve /public/ -> D:\high-node\exercise\egg处理各种跨域问题\jsonp跨域处理\jsonpServince\app\public
2019-08-14 11:55:04,124 INFO 19280 [egg-security] use csrf middleware
2019-08-14 11:55:04,125 INFO 19280 [egg-security] use methodnoallow middleware
2019-08-14 11:55:04,126 INFO 19280 [egg-security] use noopen middleware
2019-08-14 11:55:04,127 INFO 19280 [egg-security] use nosniff middleware
2019-08-14 11:55:04,127 INFO 19280 [egg-security] use xssProtection middleware
2019-08-14 11:55:04,128 INFO 19280 [egg-security] use xframe middleware
2019-08-14 11:55:04,128 INFO 19280 [egg-security] use dta middleware
2019-08-14 11:55:04,129 INFO 19280 [egg-security] compose 7 middlewares into one security middleware
2019-08-14 11:55:04,131 WARN 19280 [egg-jsonp] SECURITY WARNING!! csrf check and referrer check are both closed!
2019-08-14 11:55:04,146 INFO 19280 [egg:core] dump config after load, 10ms
2019-08-14 11:55:04,166 INFO 19280 [egg-watcher:application] watcher start success
2019-08-14 11:55:04,181 INFO 19280 [egg:core] dump config after ready, 10ms
2019-08-14 11:55:43,565 INFO 2132 [egg:logger] init all loggers with options: {"dir":"D:\\high-node\\exercise\\egg处理各种跨域问题\\jsonp跨域处理\\jsonpServince\\logs\\jsonpdemo","encoding":"utf8","env":"local","level":"INFO","consoleLevel":"INFO","disableConsoleAfterReady":false,"outputJSON":false,"buffer":true,"appLogName":"jsonpdemo-web.log","coreLogName":"egg-web.log","agentLogName":"egg-agent.log","errorLogName":"common-error.log","coreLogger":{"consoleLevel":"WARN"},"allowDebugAtProd":false,"type":"application"}
2019-08-14 11:55:43,598 INFO 2132 [egg-multipart] stream mode enable
2019-08-14 11:55:43,668 INFO 2132 [egg-static] starting static serve /public/ -> D:\high-node\exercise\egg处理各种跨域问题\jsonp跨域处理\jsonpServince\app\public
2019-08-14 11:55:43,671 INFO 2132 [egg-security] use csrf middleware
2019-08-14 11:55:43,672 INFO 2132 [egg-security] use methodnoallow middleware
2019-08-14 11:55:43,672 INFO 2132 [egg-security] use noopen middleware
2019-08-14 11:55:43,674 INFO 2132 [egg-security] use nosniff middleware
2019-08-14 11:55:43,675 INFO 2132 [egg-security] use xssProtection middleware
2019-08-14 11:55:43,676 INFO 2132 [egg-security] use xframe middleware
2019-08-14 11:55:43,677 INFO 2132 [egg-security] use dta middleware
2019-08-14 11:55:43,677 INFO 2132 [egg-security] compose 7 middlewares into one security middleware
2019-08-14 11:55:43,685 WARN 2132 [egg-jsonp] SECURITY WARNING!! csrf check and referrer check are both closed!
2019-08-14 11:55:43,702 INFO 2132 [egg:core] dump config after load, 12ms
2019-08-14 11:55:43,723 INFO 2132 [egg-watcher:application] watcher start success
2019-08-14 11:55:43,736 INFO 2132 [egg:core] dump config after ready, 10ms
2019-08-14 11:56:34,697 INFO 22384 [egg:logger] init all loggers with options: {"dir":"D:\\high-node\\exercise\\egg处理各种跨域问题\\jsonp跨域处理\\jsonpServince\\logs\\jsonpdemo","encoding":"utf8","env":"local","level":"INFO","consoleLevel":"INFO","disableConsoleAfterReady":false,"outputJSON":false,"buffer":true,"appLogName":"jsonpdemo-web.log","coreLogName":"egg-web.log","agentLogName":"egg-agent.log","errorLogName":"common-error.log","coreLogger":{"consoleLevel":"WARN"},"allowDebugAtProd":false,"type":"application"}
2019-08-14 11:56:34,735 INFO 22384 [egg-multipart] stream mode enable
2019-08-14 11:56:34,805 INFO 22384 [egg-static] starting static serve /public/ -> D:\high-node\exercise\egg处理各种跨域问题\jsonp跨域处理\jsonpServince\app\public
2019-08-14 11:56:34,808 INFO 22384 [egg-security] use csrf middleware
2019-08-14 11:56:34,810 INFO 22384 [egg-security] use methodnoallow middleware
2019-08-14 11:56:34,810 INFO 22384 [egg-security] use noopen middleware
2019-08-14 11:56:34,812 INFO 22384 [egg-security] use nosniff middleware
2019-08-14 11:56:34,812 INFO 22384 [egg-security] use xssProtection middleware
2019-08-14 11:56:34,813 INFO 22384 [egg-security] use xframe middleware
2019-08-14 11:56:34,814 INFO 22384 [egg-security] use dta middleware
2019-08-14 11:56:34,814 INFO 22384 [egg-security] compose 7 middlewares into one security middleware
2019-08-14 11:56:34,819 WARN 22384 [egg-jsonp] SECURITY WARNING!! csrf check and referrer check are both closed!
2019-08-14 11:56:34,837 INFO 22384 [egg:core] dump config after load, 14ms
2019-08-14 11:56:34,858 INFO 22384 [egg-watcher:application] watcher start success
2019-08-14 11:56:34,865 INFO 22384 [egg:core] dump config after ready, 6ms
2019-08-14 11:58:05,772 INFO 14132 [egg:logger] init all loggers with options: {"dir":"D:\\high-node\\exercise\\egg处理各种跨域问题\\jsonp跨域处理\\jsonpServince\\logs\\jsonpdemo","encoding":"utf8","env":"local","level":"INFO","consoleLevel":"INFO","disableConsoleAfterReady":false,"outputJSON":false,"buffer":true,"appLogName":"jsonpdemo-web.log","coreLogName":"egg-web.log","agentLogName":"egg-agent.log","errorLogName":"common-error.log","coreLogger":{"consoleLevel":"WARN"},"allowDebugAtProd":false,"type":"application"}
2019-08-14 11:58:05,803 INFO 14132 [egg-multipart] stream mode enable
2019-08-14 11:58:05,872 INFO 14132 [egg-static] starting static serve /public/ -> D:\high-node\exercise\egg处理各种跨域问题\jsonp跨域处理\jsonpServince\app\public
2019-08-14 11:58:05,875 INFO 14132 [egg-security] use csrf middleware
2019-08-14 11:58:05,876 INFO 14132 [egg-security] use methodnoallow middleware
2019-08-14 11:58:05,877 INFO 14132 [egg-security] use noopen middleware
2019-08-14 11:58:05,878 INFO 14132 [egg-security] use nosniff middleware
2019-08-14 11:58:05,878 INFO 14132 [egg-security] use xssProtection middleware
2019-08-14 11:58:05,879 INFO 14132 [egg-security] use xframe middleware
2019-08-14 11:58:05,880 INFO 14132 [egg-security] use dta middleware
2019-08-14 11:58:05,880 INFO 14132 [egg-security] compose 7 middlewares into one security middleware
2019-08-14 11:58:05,884 WARN 14132 [egg-jsonp] SECURITY WARNING!! csrf check and referrer check are both closed!
2019-08-14 11:58:05,901 INFO 14132 [egg:core] dump config after load, 11ms
2019-08-14 11:58:05,920 INFO 14132 [egg-watcher:application] watcher start success
2019-08-14 11:58:05,930 INFO 14132 [egg:core] dump config after ready, 7ms
2019-08-14 11:58:35,143 INFO 20100 [egg:logger] init all loggers with options: {"dir":"D:\\high-node\\exercise\\egg处理各种跨域问题\\jsonp跨域处理\\jsonpServince\\logs\\jsonpdemo","encoding":"utf8","env":"local","level":"INFO","consoleLevel":"INFO","disableConsoleAfterReady":false,"outputJSON":false,"buffer":true,"appLogName":"jsonpdemo-web.log","coreLogName":"egg-web.log","agentLogName":"egg-agent.log","errorLogName":"common-error.log","coreLogger":{"consoleLevel":"WARN"},"allowDebugAtProd":false,"type":"application"}
2019-08-14 11:58:35,177 INFO 20100 [egg-multipart] stream mode enable
2019-08-14 11:58:35,259 INFO 20100 [egg-static] starting static serve /public/ -> D:\high-node\exercise\egg处理各种跨域问题\jsonp跨域处理\jsonpServince\app\public
2019-08-14 11:58:35,262 INFO 20100 [egg-security] use csrf middleware
2019-08-14 11:58:35,264 INFO 20100 [egg-security] use methodnoallow middleware
2019-08-14 11:58:35,264 INFO 20100 [egg-security] use noopen middleware
2019-08-14 11:58:35,266 INFO 20100 [egg-security] use nosniff middleware
2019-08-14 11:58:35,267 INFO 20100 [egg-security] use xssProtection middleware
2019-08-14 11:58:35,268 INFO 20100 [egg-security] use xframe middleware
2019-08-14 11:58:35,269 INFO 20100 [egg-security] use dta middleware
2019-08-14 11:58:35,269 INFO 20100 [egg-security] compose 7 middlewares into one security middleware
2019-08-14 11:58:35,272 WARN 20100 [egg-jsonp] SECURITY WARNING!! csrf check and referrer check are both closed!
2019-08-14 11:58:35,283 INFO 20100 [egg:core] dump config after load, 7ms
2019-08-14 11:58:35,298 INFO 20100 [egg-watcher:application] watcher start success
2019-08-14 11:58:35,306 INFO 20100 [egg:core] dump config after ready, 6ms
2019-08-14 11:59:13,471 INFO 24424 [egg:logger] init all loggers with options: {"dir":"D:\\high-node\\exercise\\egg处理各种跨域问题\\jsonp跨域处理\\jsonpServince\\logs\\jsonpdemo","encoding":"utf8","env":"local","level":"INFO","consoleLevel":"INFO","disableConsoleAfterReady":false,"outputJSON":false,"buffer":true,"appLogName":"jsonpdemo-web.log","coreLogName":"egg-web.log","agentLogName":"egg-agent.log","errorLogName":"common-error.log","coreLogger":{"consoleLevel":"WARN"},"allowDebugAtProd":false,"type":"application"}
2019-08-14 11:59:13,504 INFO 24424 [egg-multipart] stream mode enable
2019-08-14 11:59:13,577 INFO 24424 [egg-static] starting static serve /public/ -> D:\high-node\exercise\egg处理各种跨域问题\jsonp跨域处理\jsonpServince\app\public
2019-08-14 11:59:13,580 INFO 24424 [egg-security] use csrf middleware
2019-08-14 11:59:13,582 INFO 24424 [egg-security] use methodnoallow middleware
2019-08-14 11:59:13,583 INFO 24424 [egg-security] use noopen middleware
2019-08-14 11:59:13,584 INFO 24424 [egg-security] use nosniff middleware
2019-08-14 11:59:13,585 INFO 24424 [egg-security] use xssProtection middleware
2019-08-14 11:59:13,586 INFO 24424 [egg-security] use xframe middleware
2019-08-14 11:59:13,587 INFO 24424 [egg-security] use dta middleware
2019-08-14 11:59:13,587 INFO 24424 [egg-security] compose 7 middlewares into one security middleware
2019-08-14 11:59:13,592 WARN 24424 [egg-jsonp] SECURITY WARNING!! csrf check and referrer check are both closed!
2019-08-14 11:59:13,618 INFO 24424 [egg:core] dump config after load, 18ms
2019-08-14 11:59:13,634 INFO 24424 [egg-watcher:application] watcher start success
2019-08-14 11:59:13,643 INFO 24424 [egg:core] dump config after ready, 7ms
2019-08-14 14:43:59,281 INFO 14116 [egg:logger] init all loggers with options: {"dir":"D:\\high-node\\exercise\\egg处理各种跨域问题\\jsonp跨域处理\\jsonpServince\\logs\\jsonpdemo","encoding":"utf8","env":"local","level":"INFO","consoleLevel":"INFO","disableConsoleAfterReady":false,"outputJSON":false,"buffer":true,"appLogName":"jsonpdemo-web.log","coreLogName":"egg-web.log","agentLogName":"egg-agent.log","errorLogName":"common-error.log","coreLogger":{"consoleLevel":"WARN"},"allowDebugAtProd":false,"type":"application"}
2019-08-14 14:43:59,321 INFO 14116 [egg-multipart] stream mode enable
2019-08-14 14:43:59,512 INFO 14116 [egg-static] starting static serve /public/ -> D:\high-node\exercise\egg处理各种跨域问题\jsonp跨域处理\jsonpServince\app\public
2019-08-14 14:43:59,516 INFO 14116 [egg-security] use csrf middleware
2019-08-14 14:43:59,518 INFO 14116 [egg-security] use methodnoallow middleware
2019-08-14 14:43:59,519 INFO 14116 [egg-security] use noopen middleware
2019-08-14 14:43:59,520 INFO 14116 [egg-security] use nosniff middleware
2019-08-14 14:43:59,521 INFO 14116 [egg-security] use xssProtection middleware
2019-08-14 14:43:59,522 INFO 14116 [egg-security] use xframe middleware
2019-08-14 14:43:59,523 INFO 14116 [egg-security] use dta middleware
2019-08-14 14:43:59,523 INFO 14116 [egg-security] compose 7 middlewares into one security middleware
2019-08-14 14:43:59,527 WARN 14116 [egg-jsonp] SECURITY WARNING!! csrf check and referrer check are both closed!
2019-08-14 14:43:59,538 INFO 14116 [egg:core] dump config after load, 7ms
2019-08-14 14:43:59,555 INFO 14116 [egg-watcher:application] watcher start success
2019-08-14 14:43:59,571 INFO 14116 [egg:core] dump config after ready, 13ms
2019-08-14 16:00:49,455 INFO 11184 [egg:logger] init all loggers with options: {"dir":"D:\\high-node\\exercise\\egg处理各种跨域问题\\jsonp跨域处理\\jsonpServince\\logs\\jsonpdemo","encoding":"utf8","env":"local","level":"INFO","consoleLevel":"INFO","disableConsoleAfterReady":false,"outputJSON":false,"buffer":true,"appLogName":"jsonpdemo-web.log","coreLogName":"egg-web.log","agentLogName":"egg-agent.log","errorLogName":"common-error.log","coreLogger":{"consoleLevel":"WARN"},"allowDebugAtProd":false,"type":"application"}
2019-08-14 16:00:49,488 INFO 11184 [egg-multipart] stream mode enable
2019-08-14 16:00:49,575 INFO 11184 [egg-static] starting static serve /public/ -> D:\high-node\exercise\egg处理各种跨域问题\jsonp跨域处理\jsonpServince\app\public
2019-08-14 16:00:49,579 INFO 11184 [egg-security] use csrf middleware
2019-08-14 16:00:49,580 INFO 11184 [egg-security] use methodnoallow middleware
2019-08-14 16:00:49,581 INFO 11184 [egg-security] use noopen middleware
2019-08-14 16:00:49,582 INFO 11184 [egg-security] use nosniff middleware
2019-08-14 16:00:49,582 INFO 11184 [egg-security] use xssProtection middleware
2019-08-14 16:00:49,583 INFO 11184 [egg-security] use xframe middleware
2019-08-14 16:00:49,584 INFO 11184 [egg-security] use dta middleware
2019-08-14 16:00:49,584 INFO 11184 [egg-security] compose 7 middlewares into one security middleware
2019-08-14 16:00:49,587 WARN 11184 [egg-jsonp] SECURITY WARNING!! csrf check and referrer check are both closed!
2019-08-14 16:00:49,597 INFO 11184 [egg:core] dump config after load, 6ms
2019-08-14 16:00:49,608 INFO 11184 [egg-watcher:application] watcher start success
2019-08-14 16:00:49,615 INFO 11184 [egg:core] dump config after ready, 6ms
2019-08-14 16:01:15,605 INFO 1040 [egg:logger] init all loggers with options: {"dir":"D:\\high-node\\exercise\\egg处理各种跨域问题\\jsonp跨域处理\\jsonpServince\\logs\\jsonpdemo","encoding":"utf8","env":"local","level":"INFO","consoleLevel":"INFO","disableConsoleAfterReady":false,"outputJSON":false,"buffer":true,"appLogName":"jsonpdemo-web.log","coreLogName":"egg-web.log","agentLogName":"egg-agent.log","errorLogName":"common-error.log","coreLogger":{"consoleLevel":"WARN"},"allowDebugAtProd":false,"type":"application"}
2019-08-14 16:01:15,637 INFO 1040 [egg-multipart] stream mode enable
2019-08-14 16:01:15,715 INFO 1040 [egg-static] starting static serve /public/ -> D:\high-node\exercise\egg处理各种跨域问题\jsonp跨域处理\jsonpServince\app\public
2019-08-14 16:01:15,719 INFO 1040 [egg-security] use csrf middleware
2019-08-14 16:01:15,721 INFO 1040 [egg-security] use methodnoallow middleware
2019-08-14 16:01:15,722 INFO 1040 [egg-security] use noopen middleware
2019-08-14 16:01:15,723 INFO 1040 [egg-security] use nosniff middleware
2019-08-14 16:01:15,723 INFO 1040 [egg-security] use xssProtection middleware
2019-08-14 16:01:15,724 INFO 1040 [egg-security] use xframe middleware
2019-08-14 16:01:15,725 INFO 1040 [egg-security] use dta middleware
2019-08-14 16:01:15,725 INFO 1040 [egg-security] compose 7 middlewares into one security middleware
2019-08-14 16:01:15,727 WARN 1040 [egg-jsonp] SECURITY WARNING!! csrf check and referrer check are both closed!
2019-08-14 16:01:15,740 INFO 1040 [egg:core] dump config after load, 9ms
2019-08-14 16:01:15,757 INFO 1040 [egg-watcher:application] watcher start success
2019-08-14 16:01:15,763 INFO 1040 [egg:core] dump config after ready, 5ms
2019-08-14 16:02:30,759 INFO 13332 [egg:logger] init all loggers with options: {"dir":"D:\\high-node\\exercise\\egg处理各种跨域问题\\jsonp跨域处理\\jsonpServince\\logs\\jsonpdemo","encoding":"utf8","env":"local","level":"INFO","consoleLevel":"INFO","disableConsoleAfterReady":false,"outputJSON":false,"buffer":true,"appLogName":"jsonpdemo-web.log","coreLogName":"egg-web.log","agentLogName":"egg-agent.log","errorLogName":"common-error.log","coreLogger":{"consoleLevel":"WARN"},"allowDebugAtProd":false,"type":"application"}
2019-08-14 16:02:30,788 INFO 13332 [egg-multipart] stream mode enable
2019-08-14 16:02:30,857 INFO 13332 [egg-static] starting static serve /public/ -> D:\high-node\exercise\egg处理各种跨域问题\jsonp跨域处理\jsonpServince\app\public
2019-08-14 16:02:30,860 INFO 13332 [egg-security] use csrf middleware
2019-08-14 16:02:30,861 INFO 13332 [egg-security] use methodnoallow middleware
2019-08-14 16:02:30,862 INFO 13332 [egg-security] use noopen middleware
2019-08-14 16:02:30,863 INFO 13332 [egg-security] use nosniff middleware
2019-08-14 16:02:30,863 INFO 13332 [egg-security] use xssProtection middleware
2019-08-14 16:02:30,864 INFO 13332 [egg-security] use xframe middleware
2019-08-14 16:02:30,864 INFO 13332 [egg-security] use dta middleware
2019-08-14 16:02:30,865 INFO 13332 [egg-security] compose 7 middlewares into one security middleware
2019-08-14 16:02:30,868 WARN 13332 [egg-jsonp] SECURITY WARNING!! csrf check and referrer check are both closed!
2019-08-14 16:02:30,878 INFO 13332 [egg:core] dump config after load, 6ms
2019-08-14 16:02:30,894 INFO 13332 [egg-watcher:application] watcher start success
2019-08-14 16:02:30,901 INFO 13332 [egg:core] dump config after ready, 6ms
2019-08-14 19:42:29,987 INFO 13568 [egg:logger] init all loggers with options: {"dir":"D:\\high-node\\exercise\\egg处理各种跨域问题\\jsonp跨域处理\\cross-domain\\jsonpEggServince\\logs\\jsonpdemo","encoding":"utf8","env":"local","level":"INFO","consoleLevel":"INFO","disableConsoleAfterReady":false,"outputJSON":false,"buffer":true,"appLogName":"jsonpdemo-web.log","coreLogName":"egg-web.log","agentLogName":"egg-agent.log","errorLogName":"common-error.log","coreLogger":{"consoleLevel":"WARN"},"allowDebugAtProd":false,"type":"application"}
2019-08-14 19:42:30,015 INFO 13568 [egg-multipart] stream mode enable
2019-08-14 19:42:30,100 INFO 13568 [egg-static] starting static serve /public/ -> D:\high-node\exercise\egg处理各种跨域问题\jsonp跨域处理\cross-domain\jsonpEggServince\app\public
2019-08-14 19:42:30,103 INFO 13568 [egg-security] use csrf middleware
2019-08-14 19:42:30,105 INFO 13568 [egg-security] use methodnoallow middleware
2019-08-14 19:42:30,105 INFO 13568 [egg-security] use noopen middleware
2019-08-14 19:42:30,106 INFO 13568 [egg-security] use nosniff middleware
2019-08-14 19:42:30,107 INFO 13568 [egg-security] use xssProtection middleware
2019-08-14 19:42:30,108 INFO 13568 [egg-security] use xframe middleware
2019-08-14 19:42:30,108 INFO 13568 [egg-security] use dta middleware
2019-08-14 19:42:30,108 INFO 13568 [egg-security] compose 7 middlewares into one security middleware
2019-08-14 19:42:30,111 WARN 13568 [egg-jsonp] SECURITY WARNING!! csrf check and referrer check are both closed!
2019-08-14 19:42:30,120 INFO 13568 [egg:core] dump config after load, 6ms
2019-08-14 19:42:30,134 INFO 13568 [egg-watcher:application] watcher start success
2019-08-14 19:42:30,147 INFO 13568 [egg:core] dump config after ready, 10ms
2019-08-14 19:52:20,861 INFO 2360 [egg:logger] init all loggers with options: {"dir":"D:\\high-node\\exercise\\egg处理各种跨域问题\\jsonp跨域处理\\cross-domain\\jsonpEggServince\\logs\\jsonpdemo","encoding":"utf8","env":"local","level":"INFO","consoleLevel":"INFO","disableConsoleAfterReady":false,"outputJSON":false,"buffer":true,"appLogName":"jsonpdemo-web.log","coreLogName":"egg-web.log","agentLogName":"egg-agent.log","errorLogName":"common-error.log","coreLogger":{"consoleLevel":"WARN"},"allowDebugAtProd":false,"type":"application"}
2019-08-14 19:52:20,893 INFO 2360 [egg-multipart] stream mode enable
2019-08-14 19:52:20,968 INFO 2360 [egg-static] starting static serve /public/ -> D:\high-node\exercise\egg处理各种跨域问题\jsonp跨域处理\cross-domain\jsonpEggServince\app\public
2019-08-14 19:52:20,972 INFO 2360 [egg-security] use csrf middleware
2019-08-14 19:52:20,974 INFO 2360 [egg-security] use methodnoallow middleware
2019-08-14 19:52:20,975 INFO 2360 [egg-security] use noopen middleware
2019-08-14 19:52:20,976 INFO 2360 [egg-security] use nosniff middleware
2019-08-14 19:52:20,976 INFO 2360 [egg-security] use xssProtection middleware
2019-08-14 19:52:20,977 INFO 2360 [egg-security] use xframe middleware
2019-08-14 19:52:20,978 INFO 2360 [egg-security] use dta middleware
2019-08-14 19:52:20,978 INFO 2360 [egg-security] compose 7 middlewares into one security middleware
2019-08-14 19:52:20,982 WARN 2360 [egg-jsonp] SECURITY WARNING!! csrf check and referrer check are both closed!
2019-08-14 19:52:20,997 INFO 2360 [egg:core] dump config after load, 7ms
2019-08-14 19:52:21,014 INFO 2360 [egg-watcher:application] watcher start success
2019-08-14 19:52:21,026 INFO 2360 [egg:core] dump config after ready, 10ms
2019-08-14 19:53:59,501 INFO 2260 [egg:logger] init all loggers with options: {"dir":"D:\\high-node\\exercise\\egg处理各种跨域问题\\jsonp跨域处理\\cross-domain\\jsonpEggServince\\logs\\jsonpdemo","encoding":"utf8","env":"local","level":"INFO","consoleLevel":"INFO","disableConsoleAfterReady":false,"outputJSON":false,"buffer":true,"appLogName":"jsonpdemo-web.log","coreLogName":"egg-web.log","agentLogName":"egg-agent.log","errorLogName":"common-error.log","coreLogger":{"consoleLevel":"WARN"},"allowDebugAtProd":false,"type":"application"}
2019-08-14 19:53:59,531 INFO 2260 [egg-multipart] stream mode enable
2019-08-14 19:53:59,599 INFO 2260 [egg-static] starting static serve /public/ -> D:\high-node\exercise\egg处理各种跨域问题\jsonp跨域处理\cross-domain\jsonpEggServince\app\public
2019-08-14 19:53:59,601 INFO 2260 [egg-security] use csrf middleware
2019-08-14 19:53:59,603 INFO 2260 [egg-security] use methodnoallow middleware
2019-08-14 19:53:59,603 INFO 2260 [egg-security] use noopen middleware
2019-08-14 19:53:59,604 INFO 2260 [egg-security] use nosniff middleware
2019-08-14 19:53:59,605 INFO 2260 [egg-security] use xssProtection middleware
2019-08-14 19:53:59,605 INFO 2260 [egg-security] use xframe middleware
2019-08-14 19:53:59,606 INFO 2260 [egg-security] use dta middleware
2019-08-14 19:53:59,606 INFO 2260 [egg-security] compose 7 middlewares into one security middleware
2019-08-14 19:53:59,609 WARN 2260 [egg-jsonp] SECURITY WARNING!! csrf check and referrer check are both closed!
2019-08-14 19:53:59,622 INFO 2260 [egg:core] dump config after load, 7ms
2019-08-14 19:53:59,638 INFO 2260 [egg-watcher:application] watcher start success
2019-08-14 19:53:59,651 INFO 2260 [egg:core] dump config after ready, 10ms
2019-08-14 19:54:15,430 INFO 20728 [egg:logger] init all loggers with options: {"dir":"D:\\high-node\\exercise\\egg处理各种跨域问题\\jsonp跨域处理\\cross-domain\\jsonpEggServince\\logs\\jsonpdemo","encoding":"utf8","env":"local","level":"INFO","consoleLevel":"INFO","disableConsoleAfterReady":false,"outputJSON":false,"buffer":true,"appLogName":"jsonpdemo-web.log","coreLogName":"egg-web.log","agentLogName":"egg-agent.log","errorLogName":"common-error.log","coreLogger":{"consoleLevel":"WARN"},"allowDebugAtProd":false,"type":"application"}
2019-08-14 19:54:15,461 INFO 20728 [egg-multipart] stream mode enable
2019-08-14 19:54:15,528 INFO 20728 [egg-static] starting static serve /public/ -> D:\high-node\exercise\egg处理各种跨域问题\jsonp跨域处理\cross-domain\jsonpEggServince\app\public
2019-08-14 19:54:15,531 INFO 20728 [egg-security] use csrf middleware
2019-08-14 19:54:15,532 INFO 20728 [egg-security] use methodnoallow middleware
2019-08-14 19:54:15,533 INFO 20728 [egg-security] use noopen middleware
2019-08-14 19:54:15,534 INFO 20728 [egg-security] use nosniff middleware
2019-08-14 19:54:15,534 INFO 20728 [egg-security] use xssProtection middleware
2019-08-14 19:54:15,535 INFO 20728 [egg-security] use xframe middleware
2019-08-14 19:54:15,535 INFO 20728 [egg-security] use dta middleware
2019-08-14 19:54:15,535 INFO 20728 [egg-security] compose 7 middlewares into one security middleware
2019-08-14 19:54:15,538 WARN 20728 [egg-jsonp] SECURITY WARNING!! csrf check and referrer check are both closed!
2019-08-14 19:54:15,552 INFO 20728 [egg:core] dump config after load, 9ms
2019-08-14 19:54:15,567 INFO 20728 [egg-watcher:application] watcher start success
2019-08-14 19:54:15,579 INFO 20728 [egg:core] dump config after ready, 9ms
2019-08-14 19:54:41,914 INFO 13172 [egg:logger] init all loggers with options: {"dir":"D:\\high-node\\exercise\\egg处理各种跨域问题\\jsonp跨域处理\\cross-domain\\jsonpEggServince\\logs\\jsonpdemo","encoding":"utf8","env":"local","level":"INFO","consoleLevel":"INFO","disableConsoleAfterReady":false,"outputJSON":false,"buffer":true,"appLogName":"jsonpdemo-web.log","coreLogName":"egg-web.log","agentLogName":"egg-agent.log","errorLogName":"common-error.log","coreLogger":{"consoleLevel":"WARN"},"allowDebugAtProd":false,"type":"application"}
2019-08-14 19:54:41,945 INFO 13172 [egg-multipart] stream mode enable
2019-08-14 19:54:42,026 INFO 13172 [egg-static] starting static serve /public/ -> D:\high-node\exercise\egg处理各种跨域问题\jsonp跨域处理\cross-domain\jsonpEggServince\app\public
2019-08-14 19:54:42,030 INFO 13172 [egg-security] use csrf middleware
2019-08-14 19:54:42,032 INFO 13172 [egg-security] use methodnoallow middleware
2019-08-14 19:54:42,032 INFO 13172 [egg-security] use noopen middleware
2019-08-14 19:54:42,034 INFO 13172 [egg-security] use nosniff middleware
2019-08-14 19:54:42,035 INFO 13172 [egg-security] use xssProtection middleware
2019-08-14 19:54:42,036 INFO 13172 [egg-security] use xframe middleware
2019-08-14 19:54:42,038 INFO 13172 [egg-security] use dta middleware
2019-08-14 19:54:42,038 INFO 13172 [egg-security] compose 7 middlewares into one security middleware
2019-08-14 19:54:42,054 WARN 13172 [egg-jsonp] SECURITY WARNING!! csrf check and referrer check are both closed!
2019-08-14 19:54:42,080 INFO 13172 [egg:core] dump config after load, 16ms
2019-08-14 19:54:42,097 INFO 13172 [egg-watcher:application] watcher start success
2019-08-14 19:54:42,115 INFO 13172 [egg:core] dump config after ready, 14ms
2019-08-14 19:59:01,003 INFO 13460 [egg:logger] init all loggers with options: {"dir":"D:\\high-node\\exercise\\egg处理各种跨域问题\\jsonp跨域处理\\cross-domain\\jsonpEggServince\\logs\\jsonpdemo","encoding":"utf8","env":"local","level":"INFO","consoleLevel":"INFO","disableConsoleAfterReady":false,"outputJSON":false,"buffer":true,"appLogName":"jsonpdemo-web.log","coreLogName":"egg-web.log","agentLogName":"egg-agent.log","errorLogName":"common-error.log","coreLogger":{"consoleLevel":"WARN"},"allowDebugAtProd":false,"type":"application"}
2019-08-14 19:59:01,034 INFO 13460 [egg-multipart] stream mode enable
2019-08-14 19:59:01,103 INFO 13460 [egg-static] starting static serve /public/ -> D:\high-node\exercise\egg处理各种跨域问题\jsonp跨域处理\cross-domain\jsonpEggServince\app\public
2019-08-14 19:59:01,106 INFO 13460 [egg-security] use csrf middleware
2019-08-14 19:59:01,107 INFO 13460 [egg-security] use methodnoallow middleware
2019-08-14 19:59:01,108 INFO 13460 [egg-security] use noopen middleware
2019-08-14 19:59:01,109 INFO 13460 [egg-security] use nosniff middleware
2019-08-14 19:59:01,109 INFO 13460 [egg-security] use xssProtection middleware
2019-08-14 19:59:01,110 INFO 13460 [egg-security] use xframe middleware
2019-08-14 19:59:01,112 INFO 13460 [egg-security] use dta middleware
2019-08-14 19:59:01,112 INFO 13460 [egg-security] compose 7 middlewares into one security middleware
2019-08-14 19:59:01,116 WARN 13460 [egg-jsonp] SECURITY WARNING!! csrf check and referrer check are both closed!
2019-08-14 19:59:01,129 INFO 13460 [egg:core] dump config after load, 9ms
2019-08-14 19:59:01,145 INFO 13460 [egg-watcher:application] watcher start success
2019-08-14 19:59:01,160 INFO 13460 [egg:core] dump config after ready, 12ms
